Connecting to database specified by database.yml


Started GET "/assets/rails.png" for 127.0.0.1 at 2013-04-04 14:50:54 -0400
Served asset /rails.png - 200 OK (11ms)


Started GET "/assets/rails.png" for 127.0.0.1 at 2013-04-04 17:18:40 -0400
Connecting to database specified by database.yml
Served asset /rails.png - 200 OK (10ms)


Started GET "/assets/rails.png" for 127.0.0.1 at 2013-04-05 15:19:44 -0400
Connecting to database specified by database.yml
Served asset /rails.png - 304 Not Modified (0ms)


Started GET "/assets/rails.png" for 127.0.0.1 at 2013-04-05 16:07:57 -0400
Connecting to database specified by database.yml
Served asset /rails.png - 200 OK (1ms)


Started GET "/assets/rails.png" for 127.0.0.1 at 2013-04-05 16:08:09 -0400
Served asset /rails.png - 304 Not Modified (0ms)


Started GET "/assets/rails.png" for 127.0.0.1 at 2013-04-05 16:08:14 -0400
Served asset /rails.png - 304 Not Modified (0ms)


Started GET "/assets/rails.png" for 127.0.0.1 at 2013-04-05 16:10:21 -0400
Connecting to database specified by database.yml
Served asset /rails.png - 304 Not Modified (0ms)


Started GET "/" for 127.0.0.1 at 2013-04-05 16:10:56 -0400
Connecting to database specified by database.yml
Processing by ApplicationController#home as HTML
Completed 500 Internal Server Error in 13ms

ActionView::MissingTemplate (Missing template application/home with {:locale=>[:en], :formats=>[:html], :handlers=>[:erb, :builder, :coffee]}. Searched in:
  * "c:/mkl/site/rubylee8/app/views"
):
  actionpack (3.2.11) lib/action_view/path_set.rb:58:in `find'
  actionpack (3.2.11) lib/action_view/lookup_context.rb:109:in `find'
  c:in `find_template'
  actionpack (3.2.11) lib/action_view/renderer/template_renderer.rb:34:in `determine_template'
  actionpack (3.2.11) lib/action_view/renderer/template_renderer.rb:10:in `render'
  actionpack (3.2.11) lib/action_view/renderer/renderer.rb:36:in `render_template'
  actionpack (3.2.11) lib/action_view/renderer/renderer.rb:17:in `render'
  actionpack (3.2.11) lib/abstract_controller/rendering.rb:110:in `_render_template'
  actionpack (3.2.11) lib/action_controller/metal/streaming.rb:225:in `_render_template'
  actionpack (3.2.11) lib/abstract_controller/rendering.rb:103:in `render_to_body'
  actionpack (3.2.11) lib/action_controller/metal/renderers.rb:28:in `render_to_body'
  actionpack (3.2.11) lib/action_controller/metal/compatibility.rb:50:in `render_to_body'
  actionpack (3.2.11) lib/abstract_controller/rendering.rb:88:in `render'
  actionpack (3.2.11) lib/action_controller/metal/rendering.rb:16:in `render'
  actionpack (3.2.11) lib/action_controller/metal/instrumentation.rb:40:in `block (2 levels) in render'
  activesupport (3.2.11) lib/active_support/core_ext/benchmark.rb:5:in `block in ms'
  c:/Ruby193/lib/ruby/1.9.1/benchmark.rb:295:in `realtime'
  activesupport (3.2.11) lib/active_support/core_ext/benchmark.rb:5:in `ms'
  actionpack (3.2.11) lib/action_controller/metal/instrumentation.rb:40:in `block in render'
  actionpack (3.2.11) lib/action_controller/metal/instrumentation.rb:83:in `cleanup_view_runtime'
  activerecord (3.2.11) lib/active_record/railties/controller_runtime.rb:24:in `cleanup_view_runtime'
  actionpack (3.2.11) lib/action_controller/metal/instrumentation.rb:39:in `render'
  actionpack (3.2.11) lib/action_controller/metal/implicit_render.rb:10:in `default_render'
  actionpack (3.2.11) lib/action_controller/metal/implicit_render.rb:5:in `send_action'
  actionpack (3.2.11) lib/abstract_controller/base.rb:167:in `process_action'
  actionpack (3.2.11) lib/action_controller/metal/rendering.rb:10:in `process_action'
  actionpack (3.2.11) lib/abstract_controller/callbacks.rb:18:in `block in process_action'
  activesupport (3.2.11) lib/active_support/callbacks.rb:414:in `_run__687990235__process_action__1015628607__callbacks'
  activesupport (3.2.11) lib/active_support/callbacks.rb:405:in `__run_callback'
  activesupport (3.2.11) lib/active_support/callbacks.rb:385:in `_run_process_action_callbacks'
  activesupport (3.2.11) lib/active_support/callbacks.rb:81:in `run_callbacks'
  actionpack (3.2.11) lib/abstract_controller/callbacks.rb:17:in `process_action'
  actionpack (3.2.11) lib/action_controller/metal/rescue.rb:29:in `process_action'
  actionpack (3.2.11) lib/action_controller/metal/instrumentation.rb:30:in `block in process_action'
  activesupport (3.2.11) lib/active_support/notifications.rb:123:in `block in instrument'
  activesupport (3.2.11) lib/active_support/notifications/instrumenter.rb:20:in `instrument'
  activesupport (3.2.11) lib/active_support/notifications.rb:123:in `instrument'
  actionpack (3.2.11) lib/action_controller/metal/instrumentation.rb:29:in `process_action'
  actionpack (3.2.11) lib/action_controller/metal/params_wrapper.rb:207:in `process_action'
  activerecord (3.2.11) lib/active_record/railties/controller_runtime.rb:18:in `process_action'
  actionpack (3.2.11) lib/abstract_controller/base.rb:121:in `process'
  actionpack (3.2.11) lib/abstract_controller/rendering.rb:45:in `process'
  actionpack (3.2.11) lib/action_controller/metal.rb:203:in `dispatch'
  actionpack (3.2.11) lib/action_controller/metal/rack_delegation.rb:14:in `dispatch'
  actionpack (3.2.11) lib/action_controller/metal.rb:246:in `block in action'
  actionpack (3.2.11) lib/action_dispatch/routing/route_set.rb:73:in `call'
  actionpack (3.2.11) lib/action_dispatch/routing/route_set.rb:73:in `dispatch'
  actionpack (3.2.11) lib/action_dispatch/routing/route_set.rb:36:in `call'
  journey (1.0.4) lib/journey/router.rb:68:in `block in call'
  journey (1.0.4) lib/journey/router.rb:56:in `each'
  journey (1.0.4) lib/journey/router.rb:56:in `call'
  actionpack (3.2.11) lib/action_dispatch/routing/route_set.rb:601:in `call'
  actionpack (3.2.11) lib/action_dispatch/middleware/best_standards_support.rb:17:in `call'
  rack (1.4.3) lib/rack/etag.rb:23:in `call'
  rack (1.4.3) lib/rack/conditionalget.rb:25:in `call'
  actionpack (3.2.11) lib/action_dispatch/middleware/head.rb:14:in `call'
  actionpack (3.2.11) lib/action_dispatch/middleware/params_parser.rb:21:in `call'
  actionpack (3.2.11) lib/action_dispatch/middleware/flash.rb:242:in `call'
  rack (1.4.3) lib/rack/session/abstract/id.rb:210:in `context'
  rack (1.4.3) lib/rack/session/abstract/id.rb:205:in `call'
  actionpack (3.2.11) lib/action_dispatch/middleware/cookies.rb:341:in `call'
  activerecord (3.2.11) lib/active_record/query_cache.rb:64:in `call'
  activerecord (3.2.11) lib/active_record/connection_adapters/abstract/connection_pool.rb:479:in `call'
  actionpack (3.2.11) lib/action_dispatch/middleware/callbacks.rb:28:in `block in call'
  activesupport (3.2.11) lib/active_support/callbacks.rb:405:in `_run__50222396__call__374153317__callbacks'
  activesupport (3.2.11) lib/active_support/callbacks.rb:405:in `__run_callback'
  activesupport (3.2.11) lib/active_support/callbacks.rb:385:in `_run_call_callbacks'
  activesupport (3.2.11) lib/active_support/callbacks.rb:81:in `run_callbacks'
  actionpack (3.2.11) lib/action_dispatch/middleware/callbacks.rb:27:in `call'
  actionpack (3.2.11) lib/action_dispatch/middleware/reloader.rb:65:in `call'
  actionpack (3.2.11) lib/action_dispatch/middleware/remote_ip.rb:31:in `call'
  actionpack (3.2.11) lib/action_dispatch/middleware/debug_exceptions.rb:16:in `call'
  actionpack (3.2.11) lib/action_dispatch/middleware/show_exceptions.rb:56:in `call'
  railties (3.2.11) lib/rails/rack/logger.rb:32:in `call_app'
  railties (3.2.11) lib/rails/rack/logger.rb:16:in `block in call'
  activesupport (3.2.11) lib/active_support/tagged_logging.rb:22:in `tagged'
  railties (3.2.11) lib/rails/rack/logger.rb:16:in `call'
  actionpack (3.2.11) lib/action_dispatch/middleware/request_id.rb:22:in `call'
  rack (1.4.3) lib/rack/methodoverride.rb:21:in `call'
  rack (1.4.3) lib/rack/runtime.rb:17:in `call'
  activesupport (3.2.11) lib/active_support/cache/strategy/local_cache.rb:72:in `call'
  rack (1.4.3) lib/rack/lock.rb:15:in `call'
  actionpack (3.2.11) lib/action_dispatch/middleware/static.rb:62:in `call'
  railties (3.2.11) lib/rails/engine.rb:479:in `call'
  railties (3.2.11) lib/rails/application.rb:223:in `call'
  rack (1.4.3) lib/rack/content_length.rb:14:in `call'
  railties (3.2.11) lib/rails/rack/log_tailer.rb:17:in `call'
  thin (1.5.0) lib/thin/connection.rb:81:in `block in pre_process'
  thin (1.5.0) lib/thin/connection.rb:79:in `catch'
  thin (1.5.0) lib/thin/connection.rb:79:in `pre_process'
  thin (1.5.0) lib/thin/connection.rb:54:in `process'
  thin (1.5.0) lib/thin/connection.rb:39:in `receive_data'
  eventmachine-1.0.0-x86 (mingw32) lib/eventmachine.rb:187:in `run_machine'
  eventmachine-1.0.0-x86 (mingw32) lib/eventmachine.rb:187:in `run'
  thin (1.5.0) lib/thin/backends/base.rb:63:in `start'
  thin (1.5.0) lib/thin/server.rb:159:in `start'
  rack (1.4.3) lib/rack/handler/thin.rb:13:in `run'
  rack (1.4.3) lib/rack/server.rb:268:in `start'
  railties (3.2.11) lib/rails/commands/server.rb:70:in `start'
  railties (3.2.11) lib/rails/commands.rb:55:in `block in <top (required)>'
  railties (3.2.11) lib/rails/commands.rb:50:in `tap'
  railties (3.2.11) lib/rails/commands.rb:50:in `<top (required)>'
  script/rails:6:in `require'
  script/rails:6:in `<main>'


  Rendered c:/Ruby193/lib/ruby/gems/1.9.1/gems/actionpack-3.2.11/lib/action_dispatch/middleware/templates/rescues/missing_template.erb within rescues/layout (3.0ms)


Started GET "/" for 127.0.0.1 at 2013-04-05 16:12:26 -0400
Processing by ApplicationController#home as HTML
  Rendered application/home.html.erb within layouts/application (1.0ms)
Compiled application.css  (0ms)  (pid 14220)
Compiled modernizr.js  (0ms)  (pid 14220)
Completed 200 OK in 59ms (Views: 59.0ms | ActiveRecord: 0.0ms)


Started GET "/assets/application.css?body=1" for 127.0.0.1 at 2013-04-05 16:12:26 -0400
Served asset /application.css - 200 OK (3ms)


Started GET "/assets/modernizr.js?body=1" for 127.0.0.1 at 2013-04-05 16:12:26 -0400
Served asset /modernizr.js - 200 OK (2ms)


Started GET "/" for 127.0.0.1 at 2013-04-05 16:38:47 -0400
Processing by ApplicationController#home as HTML
  Rendered application/home.html.erb within layouts/application (0.0ms)
Completed 200 OK in 5ms (Views: 5.0ms | ActiveRecord: 0.0ms)


Started GET "/assets/application.css?body=1" for 127.0.0.1 at 2013-04-05 16:38:47 -0400
Served asset /application.css - 304 Not Modified (0ms)


Started GET "/assets/modernizr.js?body=1" for 127.0.0.1 at 2013-04-05 16:38:47 -0400
Served asset /modernizr.js - 304 Not Modified (0ms)


Started GET "/application/home" for 127.0.0.1 at 2013-04-05 16:39:30 -0400

ActionController::RoutingError (No route matches [GET] "/application/home"):
  actionpack (3.2.11) lib/action_dispatch/middleware/debug_exceptions.rb:21:in `call'
  actionpack (3.2.11) lib/action_dispatch/middleware/show_exceptions.rb:56:in `call'
  railties (3.2.11) lib/rails/rack/logger.rb:32:in `call_app'
  railties (3.2.11) lib/rails/rack/logger.rb:16:in `block in call'
  activesupport (3.2.11) lib/active_support/tagged_logging.rb:22:in `tagged'
  railties (3.2.11) lib/rails/rack/logger.rb:16:in `call'
  actionpack (3.2.11) lib/action_dispatch/middleware/request_id.rb:22:in `call'
  rack (1.4.3) lib/rack/methodoverride.rb:21:in `call'
  rack (1.4.3) lib/rack/runtime.rb:17:in `call'
  activesupport (3.2.11) lib/active_support/cache/strategy/local_cache.rb:72:in `call'
  rack (1.4.3) lib/rack/lock.rb:15:in `call'
  actionpack (3.2.11) lib/action_dispatch/middleware/static.rb:62:in `call'
  railties (3.2.11) lib/rails/engine.rb:479:in `call'
  railties (3.2.11) lib/rails/application.rb:223:in `call'
  rack (1.4.3) lib/rack/content_length.rb:14:in `call'
  railties (3.2.11) lib/rails/rack/log_tailer.rb:17:in `call'
  thin (1.5.0) lib/thin/connection.rb:81:in `block in pre_process'
  thin (1.5.0) lib/thin/connection.rb:79:in `catch'
  thin (1.5.0) lib/thin/connection.rb:79:in `pre_process'
  thin (1.5.0) lib/thin/connection.rb:54:in `process'
  thin (1.5.0) lib/thin/connection.rb:39:in `receive_data'
  eventmachine-1.0.0-x86 (mingw32) lib/eventmachine.rb:187:in `run_machine'
  eventmachine-1.0.0-x86 (mingw32) lib/eventmachine.rb:187:in `run'
  thin (1.5.0) lib/thin/backends/base.rb:63:in `start'
  thin (1.5.0) lib/thin/server.rb:159:in `start'
  rack (1.4.3) lib/rack/handler/thin.rb:13:in `run'
  rack (1.4.3) lib/rack/server.rb:268:in `start'
  railties (3.2.11) lib/rails/commands/server.rb:70:in `start'
  railties (3.2.11) lib/rails/commands.rb:55:in `block in <top (required)>'
  railties (3.2.11) lib/rails/commands.rb:50:in `tap'
  railties (3.2.11) lib/rails/commands.rb:50:in `<top (required)>'
  script/rails:6:in `require'
  script/rails:6:in `<main>'


  Rendered c:/Ruby193/lib/ruby/gems/1.9.1/gems/actionpack-3.2.11/lib/action_dispatch/middleware/templates/rescues/routing_error.erb within rescues/layout (1.0ms)


Started GET "/" for 127.0.0.1 at 2013-04-05 16:39:55 -0400
Processing by ApplicationController#home as HTML
  Rendered application/home.html.erb within layouts/application (0.0ms)
Completed 200 OK in 5ms (Views: 5.0ms | ActiveRecord: 0.0ms)


Started GET "/assets/application.css?body=1" for 127.0.0.1 at 2013-04-05 16:39:55 -0400
Served asset /application.css - 304 Not Modified (0ms)


Started GET "/assets/modernizr.js?body=1" for 127.0.0.1 at 2013-04-05 16:39:55 -0400
Served asset /modernizr.js - 304 Not Modified (0ms)


Started GET "/" for 127.0.0.1 at 2013-04-05 17:00:46 -0400
Processing by ApplicationController#home as HTML
  Rendered application/home.html.erb within layouts/application (0.0ms)
Compiled main.css  (0ms)  (pid 14220)
Compiled normalize.css  (0ms)  (pid 14220)
Completed 200 OK in 43ms (Views: 43.0ms | ActiveRecord: 0.0ms)


Started GET "/assets/application.css" for 127.0.0.1 at 2013-04-05 17:00:46 -0400
Served asset /application.css - 404 Not Found (2ms)

ActionController::RoutingError (No route matches [GET] "/assets/application.css"):
  actionpack (3.2.11) lib/action_dispatch/middleware/debug_exceptions.rb:21:in `call'
  actionpack (3.2.11) lib/action_dispatch/middleware/show_exceptions.rb:56:in `call'
  railties (3.2.11) lib/rails/rack/logger.rb:32:in `call_app'
  railties (3.2.11) lib/rails/rack/logger.rb:16:in `block in call'
  activesupport (3.2.11) lib/active_support/tagged_logging.rb:22:in `tagged'
  railties (3.2.11) lib/rails/rack/logger.rb:16:in `call'
  actionpack (3.2.11) lib/action_dispatch/middleware/request_id.rb:22:in `call'
  rack (1.4.3) lib/rack/methodoverride.rb:21:in `call'
  rack (1.4.3) lib/rack/runtime.rb:17:in `call'
  activesupport (3.2.11) lib/active_support/cache/strategy/local_cache.rb:72:in `call'
  rack (1.4.3) lib/rack/lock.rb:15:in `call'
  actionpack (3.2.11) lib/action_dispatch/middleware/static.rb:62:in `call'
  railties (3.2.11) lib/rails/engine.rb:479:in `call'
  railties (3.2.11) lib/rails/application.rb:223:in `call'
  rack (1.4.3) lib/rack/content_length.rb:14:in `call'
  railties (3.2.11) lib/rails/rack/log_tailer.rb:17:in `call'
  thin (1.5.0) lib/thin/connection.rb:81:in `block in pre_process'
  thin (1.5.0) lib/thin/connection.rb:79:in `catch'
  thin (1.5.0) lib/thin/connection.rb:79:in `pre_process'
  thin (1.5.0) lib/thin/connection.rb:54:in `process'
  thin (1.5.0) lib/thin/connection.rb:39:in `receive_data'
  eventmachine-1.0.0-x86 (mingw32) lib/eventmachine.rb:187:in `run_machine'
  eventmachine-1.0.0-x86 (mingw32) lib/eventmachine.rb:187:in `run'
  thin (1.5.0) lib/thin/backends/base.rb:63:in `start'
  thin (1.5.0) lib/thin/server.rb:159:in `start'
  rack (1.4.3) lib/rack/handler/thin.rb:13:in `run'
  rack (1.4.3) lib/rack/server.rb:268:in `start'
  railties (3.2.11) lib/rails/commands/server.rb:70:in `start'
  railties (3.2.11) lib/rails/commands.rb:55:in `block in <top (required)>'
  railties (3.2.11) lib/rails/commands.rb:50:in `tap'
  railties (3.2.11) lib/rails/commands.rb:50:in `<top (required)>'
  script/rails:6:in `require'
  script/rails:6:in `<main>'


  Rendered c:/Ruby193/lib/ruby/gems/1.9.1/gems/actionpack-3.2.11/lib/action_dispatch/middleware/templates/rescues/routing_error.erb within rescues/layout (0.0ms)


Started GET "/assets/main.css?body=1" for 127.0.0.1 at 2013-04-05 17:00:46 -0400
Served asset /main.css - 200 OK (0ms)


Started GET "/assets/normalize.css?body=1" for 127.0.0.1 at 2013-04-05 17:00:46 -0400
Served asset /normalize.css - 200 OK (2ms)


Started GET "/assets/modernizr.js?body=1" for 127.0.0.1 at 2013-04-05 17:00:46 -0400
Served asset /modernizr.js - 304 Not Modified (0ms)


Started GET "/" for 127.0.0.1 at 2013-04-05 17:00:49 -0400
Processing by ApplicationController#home as HTML
  Rendered application/home.html.erb within layouts/application (0.0ms)
Completed 200 OK in 11ms (Views: 11.0ms | ActiveRecord: 0.0ms)


Started GET "/assets/application.css" for 127.0.0.1 at 2013-04-05 17:00:49 -0400
Served asset /application.css - 404 Not Found (3ms)

ActionController::RoutingError (No route matches [GET] "/assets/application.css"):
  actionpack (3.2.11) lib/action_dispatch/middleware/debug_exceptions.rb:21:in `call'
  actionpack (3.2.11) lib/action_dispatch/middleware/show_exceptions.rb:56:in `call'
  railties (3.2.11) lib/rails/rack/logger.rb:32:in `call_app'
  railties (3.2.11) lib/rails/rack/logger.rb:16:in `block in call'
  activesupport (3.2.11) lib/active_support/tagged_logging.rb:22:in `tagged'
  railties (3.2.11) lib/rails/rack/logger.rb:16:in `call'
  actionpack (3.2.11) lib/action_dispatch/middleware/request_id.rb:22:in `call'
  rack (1.4.3) lib/rack/methodoverride.rb:21:in `call'
  rack (1.4.3) lib/rack/runtime.rb:17:in `call'
  activesupport (3.2.11) lib/active_support/cache/strategy/local_cache.rb:72:in `call'
  rack (1.4.3) lib/rack/lock.rb:15:in `call'
  actionpack (3.2.11) lib/action_dispatch/middleware/static.rb:62:in `call'
  railties (3.2.11) lib/rails/engine.rb:479:in `call'
  railties (3.2.11) lib/rails/application.rb:223:in `call'
  rack (1.4.3) lib/rack/content_length.rb:14:in `call'
  railties (3.2.11) lib/rails/rack/log_tailer.rb:17:in `call'
  thin (1.5.0) lib/thin/connection.rb:81:in `block in pre_process'
  thin (1.5.0) lib/thin/connection.rb:79:in `catch'
  thin (1.5.0) lib/thin/connection.rb:79:in `pre_process'
  thin (1.5.0) lib/thin/connection.rb:54:in `process'
  thin (1.5.0) lib/thin/connection.rb:39:in `receive_data'
  eventmachine-1.0.0-x86 (mingw32) lib/eventmachine.rb:187:in `run_machine'
  eventmachine-1.0.0-x86 (mingw32) lib/eventmachine.rb:187:in `run'
  thin (1.5.0) lib/thin/backends/base.rb:63:in `start'
  thin (1.5.0) lib/thin/server.rb:159:in `start'
  rack (1.4.3) lib/rack/handler/thin.rb:13:in `run'
  rack (1.4.3) lib/rack/server.rb:268:in `start'
  railties (3.2.11) lib/rails/commands/server.rb:70:in `start'
  railties (3.2.11) lib/rails/commands.rb:55:in `block in <top (required)>'
  railties (3.2.11) lib/rails/commands.rb:50:in `tap'
  railties (3.2.11) lib/rails/commands.rb:50:in `<top (required)>'
  script/rails:6:in `require'
  script/rails:6:in `<main>'


  Rendered c:/Ruby193/lib/ruby/gems/1.9.1/gems/actionpack-3.2.11/lib/action_dispatch/middleware/templates/rescues/routing_error.erb within rescues/layout (1.0ms)


Started GET "/assets/main.css?body=1" for 127.0.0.1 at 2013-04-05 17:00:49 -0400
Served asset /main.css - 304 Not Modified (0ms)


Started GET "/assets/normalize.css?body=1" for 127.0.0.1 at 2013-04-05 17:00:49 -0400
Served asset /normalize.css - 304 Not Modified (0ms)


Started GET "/assets/modernizr.js?body=1" for 127.0.0.1 at 2013-04-05 17:00:49 -0400
Served asset /modernizr.js - 304 Not Modified (1ms)


Started GET "/" for 127.0.0.1 at 2013-04-05 17:01:16 -0400
Processing by ApplicationController#home as HTML
  Rendered application/home.html.erb within layouts/application (0.0ms)
Completed 200 OK in 15ms (Views: 15.0ms | ActiveRecord: 0.0ms)


Started GET "/assets/main.css?body=1" for 127.0.0.1 at 2013-04-05 17:01:16 -0400
Served asset /main.css - 304 Not Modified (1ms)


Started GET "/assets/normalize.css?body=1" for 127.0.0.1 at 2013-04-05 17:01:16 -0400
Served asset /normalize.css - 304 Not Modified (0ms)


Started GET "/assets/modernizr.js?body=1" for 127.0.0.1 at 2013-04-05 17:01:16 -0400
Served asset /modernizr.js - 304 Not Modified (0ms)


Started GET "/" for 127.0.0.1 at 2013-04-05 17:15:13 -0400
Processing by ApplicationController#home as HTML
  Rendered application/home.html.erb within layouts/application (0.0ms)
Compiled rubylee8.css  (0ms)  (pid 14220)
Completed 200 OK in 52ms (Views: 51.0ms | ActiveRecord: 0.0ms)


Started GET "/assets/rubylee8.css?body=1" for 127.0.0.1 at 2013-04-05 17:15:13 -0400
Served asset /rubylee8.css - 200 OK (1ms)


Started GET "/assets/main.css?body=1" for 127.0.0.1 at 2013-04-05 17:15:13 -0400
Served asset /main.css - 304 Not Modified (0ms)


Started GET "/assets/normalize.css?body=1" for 127.0.0.1 at 2013-04-05 17:15:13 -0400
Served asset /normalize.css - 304 Not Modified (0ms)


Started GET "/assets/lib/jquery-1.9.1.js" for 127.0.0.1 at 2013-04-05 17:15:13 -0400
Compiled lib/jquery-1.9.1.js  (2ms)  (pid 14220)
Served asset /lib/jquery-1.9.1.js - 200 OK (47ms)


Started GET "/assets/modernizr.js?body=1" for 127.0.0.1 at 2013-04-05 17:15:13 -0400
Served asset /modernizr.js - 304 Not Modified (0ms)


Started GET "/" for 127.0.0.1 at 2013-04-05 17:20:16 -0400
Processing by ApplicationController#home as HTML
  Rendered application/home.html.erb within layouts/application (0.0ms)
Completed 200 OK in 7ms (Views: 7.0ms | ActiveRecord: 0.0ms)


Started GET "/assets/rubylee8.css?body=1" for 127.0.0.1 at 2013-04-05 17:20:16 -0400
Served asset /rubylee8.css - 304 Not Modified (0ms)


Started GET "/assets/main.css?body=1" for 127.0.0.1 at 2013-04-05 17:20:16 -0400
Served asset /main.css - 304 Not Modified (0ms)


Started GET "/assets/normalize.css?body=1" for 127.0.0.1 at 2013-04-05 17:20:16 -0400
Served asset /normalize.css - 304 Not Modified (0ms)


Started GET "/assets/modernizr.js?body=1" for 127.0.0.1 at 2013-04-05 17:20:16 -0400
Served asset /modernizr.js - 304 Not Modified (0ms)


Started GET "/assets/lib/jquery-1.9.1.js" for 127.0.0.1 at 2013-04-05 17:20:16 -0400
Served asset /lib/jquery-1.9.1.js - 304 Not Modified (0ms)


Started GET "/" for 127.0.0.1 at 2013-04-05 17:20:19 -0400
Processing by ApplicationController#home as HTML
  Rendered application/home.html.erb within layouts/application (0.0ms)
Completed 200 OK in 6ms (Views: 6.0ms | ActiveRecord: 0.0ms)


Started GET "/assets/rubylee8.css?body=1" for 127.0.0.1 at 2013-04-05 17:20:19 -0400
Served asset /rubylee8.css - 304 Not Modified (0ms)


Started GET "/assets/main.css?body=1" for 127.0.0.1 at 2013-04-05 17:20:19 -0400
Served asset /main.css - 304 Not Modified (0ms)


Started GET "/assets/normalize.css?body=1" for 127.0.0.1 at 2013-04-05 17:20:19 -0400
Served asset /normalize.css - 304 Not Modified (0ms)


Started GET "/assets/modernizr.js?body=1" for 127.0.0.1 at 2013-04-05 17:20:19 -0400
Served asset /modernizr.js - 304 Not Modified (0ms)


Started GET "/assets/lib/jquery-1.9.1.js" for 127.0.0.1 at 2013-04-05 17:20:19 -0400
Served asset /lib/jquery-1.9.1.js - 304 Not Modified (0ms)


Started GET "/" for 127.0.0.1 at 2013-04-05 17:36:40 -0400
Processing by ApplicationController#home as HTML
  Rendered application/home.html.erb within layouts/application (0.0ms)
Compiled rubylee8.css  (0ms)  (pid 14220)
Completed 200 OK in 33ms (Views: 33.0ms | ActiveRecord: 0.0ms)


Started GET "/assets/rubylee8.css?body=1" for 127.0.0.1 at 2013-04-05 17:36:40 -0400
Served asset /rubylee8.css - 200 OK (3ms)


Started GET "/assets/main.css?body=1" for 127.0.0.1 at 2013-04-05 17:36:40 -0400
Served asset /main.css - 304 Not Modified (0ms)


Started GET "/assets/normalize.css?body=1" for 127.0.0.1 at 2013-04-05 17:36:40 -0400
Served asset /normalize.css - 304 Not Modified (0ms)


Started GET "/assets/lib/modernizr.js" for 127.0.0.1 at 2013-04-05 17:36:40 -0400
Compiled lib/modernizr.js  (0ms)  (pid 14220)
Served asset /lib/modernizr.js - 200 OK (53ms)


Started GET "/assets/lib/jquery-1.9.1.js" for 127.0.0.1 at 2013-04-05 17:36:40 -0400
Served asset /lib/jquery-1.9.1.js - 304 Not Modified (0ms)


Started GET "/" for 127.0.0.1 at 2013-04-05 17:39:23 -0400
Processing by ApplicationController#home as HTML
  Rendered application/home.html.erb within layouts/application (0.0ms)
Compiled rubylee8.css  (0ms)  (pid 14220)
Completed 200 OK in 31ms (Views: 31.0ms | ActiveRecord: 0.0ms)


Started GET "/assets/rubylee8.css?body=1" for 127.0.0.1 at 2013-04-05 17:39:23 -0400
Served asset /rubylee8.css - 200 OK (2ms)


Started GET "/assets/main.css?body=1" for 127.0.0.1 at 2013-04-05 17:39:23 -0400
Served asset /main.css - 304 Not Modified (0ms)


Started GET "/assets/normalize.css?body=1" for 127.0.0.1 at 2013-04-05 17:39:23 -0400
Served asset /normalize.css - 304 Not Modified (0ms)


Started GET "/assets/lib/jquery-1.9.1.js" for 127.0.0.1 at 2013-04-05 17:39:23 -0400
Served asset /lib/jquery-1.9.1.js - 304 Not Modified (0ms)


Started GET "/assets/lib/modernizr.js" for 127.0.0.1 at 2013-04-05 17:39:23 -0400
Served asset /lib/modernizr.js - 304 Not Modified (0ms)


Started GET "/" for 127.0.0.1 at 2013-04-05 17:42:55 -0400
Processing by ApplicationController#home as HTML
  Rendered application/home.html.erb within layouts/application (0.0ms)
Compiled rubylee8.css  (0ms)  (pid 14220)
Completed 200 OK in 31ms (Views: 31.0ms | ActiveRecord: 0.0ms)


Started GET "/assets/rubylee8.css?body=1" for 127.0.0.1 at 2013-04-05 17:42:55 -0400
Served asset /rubylee8.css - 200 OK (1ms)


Started GET "/assets/main.css?body=1" for 127.0.0.1 at 2013-04-05 17:42:55 -0400
Served asset /main.css - 304 Not Modified (0ms)


Started GET "/assets/normalize.css?body=1" for 127.0.0.1 at 2013-04-05 17:42:55 -0400
Served asset /normalize.css - 304 Not Modified (0ms)


Started GET "/assets/lib/jquery-1.9.1.js" for 127.0.0.1 at 2013-04-05 17:42:55 -0400
Served asset /lib/jquery-1.9.1.js - 304 Not Modified (0ms)


Started GET "/assets/lib/modernizr.js" for 127.0.0.1 at 2013-04-05 17:42:55 -0400
Served asset /lib/modernizr.js - 304 Not Modified (0ms)
